[0.364s] Invoking command in '/home/luka/ws_moveit2/build/uorover_ik': CMAKE_PREFIX_PATH=/opt/ros/humble /usr/bin/cmake --build /home/luka/ws_moveit2/build/uorover_ik -- -j12 -l12
[0.406s] -- Found ament_cmake: 1.3.7 (/opt/ros/humble/share/ament_cmake/cmake)
[0.528s] -- Found moveit_ros_planning_interface: 2.5.5 (/opt/ros/humble/share/moveit_ros_planning_interface/cmake)
[0.540s] -- Found Boost: /usr/lib/x86_64-linux-gnu/cmake/Boost-1.74.0/BoostConfig.cmake (found version "1.74.0") found components: date_time filesystem program_options system thread 
[0.568s] -- Found rosidl_generator_c: 3.1.5 (/opt/ros/humble/share/rosidl_generator_c/cmake)
[0.570s] -- Found rosidl_adapter: 3.1.5 (/opt/ros/humble/share/rosidl_adapter/cmake)
[0.576s] -- Found rosidl_generator_cpp: 3.1.5 (/opt/ros/humble/share/rosidl_generator_cpp/cmake)
[0.586s] -- Using all available rosidl_typesupport_c: rosidl_typesupport_fastrtps_c;rosidl_typesupport_introspection_c
[0.600s] -- Using all available rosidl_typesupport_cpp: rosidl_typesupport_fastrtps_cpp;rosidl_typesupport_introspection_cpp
[1.517s] -- Found Boost: /usr/lib/x86_64-linux-gnu/cmake/Boost-1.74.0/BoostConfig.cmake (found version "1.74.0") found components: chrono date_time filesystem iostreams program_options regex serialization system thread 
[1.526s] -- Found parameter_traits: 0.3.7 (/opt/ros/humble/share/parameter_traits/cmake)
[1.571s] -- Found rmw_implementation_cmake: 6.1.1 (/opt/ros/humble/share/rmw_implementation_cmake/cmake)
[1.572s] -- Found rmw_cyclonedds_cpp: 1.3.4 (/opt/ros/humble/share/rmw_cyclonedds_cpp/cmake)
[1.597s] -- Using RMW implementation 'rmw_cyclonedds_cpp' as default
[1.743s] -- Found rclcpp_lifecycle: 16.0.8 (/opt/ros/humble/share/rclcpp_lifecycle/cmake)
[1.786s] -- Found Boost: /usr/lib/x86_64-linux-gnu/cmake/Boost-1.74.0/BoostConfig.cmake (found version "1.74.0") found components: filesystem 
[1.828s] -- library: /usr/lib/x86_64-linux-gnu/libcurl.so
[1.981s] -- Ensuring Eigen3 include directory is part of orocos-kdl CMake target
[2.476s] -- Found Boost: /usr/lib/x86_64-linux-gnu/cmake/Boost-1.74.0/BoostConfig.cmake (found version "1.74.0") found components: system filesystem date_time program_options thread chrono 
[3.002s] -- Found Boost: /usr/lib/x86_64-linux-gnu/cmake/Boost-1.74.0/BoostConfig.cmake (found version "1.74.0") found components: thread system filesystem regex date_time program_options 
[3.248s] -- Found Boost: /usr/lib/x86_64-linux-gnu/cmake/Boost-1.74.0/BoostConfig.cmake (found version "1.74.0") found components: system filesystem date_time program_options thread 
[3.674s] -- Found control_msgs: 4.4.0 (/opt/ros/humble/share/control_msgs/cmake)
[3.875s] -- Found general_interfaces: 0.1.0 (/home/luka/rover_workspace/install/general_interfaces/share/general_interfaces/cmake)
[3.889s] -- Found ament_lint_auto: 0.12.10 (/opt/ros/humble/share/ament_lint_auto/cmake)
[3.947s] -- Added test 'cppcheck' to perform static code analysis on C / C++ code
[3.947s] -- Configured cppcheck include dirs: $<BUILD_INTERFACE:/home/luka/ws_moveit2/src/uorover_ik/include>
[3.947s] -- Configured cppcheck exclude dirs and/or files: 
[3.947s] -- Added test 'flake8' to check Python code syntax and style conventions
[3.947s] -- Added test 'lint_cmake' to check CMake code style
[3.948s] -- Added test 'pep257' to check Python code against some of the docstring style conventions in PEP 257
[3.948s] -- Added test 'uncrustify' to check C / C++ code style
[3.949s] -- Configured uncrustify additional arguments: 
[3.949s] -- Added test 'xmllint' to check XML markup files
[3.950s] -- Configuring done
[4.002s] -- Generating done
[4.004s] -- Build files have been written to: /home/luka/ws_moveit2/build/uorover_ik
[4.031s] [35m[1mConsolidate compiler generated dependencies of target ik_hardware_interface[0m
[4.031s] [35m[1mConsolidate compiler generated dependencies of target uorover_ik[0m
[4.050s] [ 25%] [32mBuilding CXX object CMakeFiles/ik_hardware_interface.dir/src/ik_hardware_interface.cpp.o[0m
[4.078s] [ 50%] [32mBuilding CXX object CMakeFiles/uorover_ik.dir/src/uorover_ik.cpp.o[0m
[5.470s] [01m[K/home/luka/ws_moveit2/src/uorover_ik/src/ik_hardware_interface.cpp:[m[K In constructor â€˜[01m[KIKHardwareInterface::IKHardwareInterface()[m[Kâ€™:
[5.470s] [01m[K/home/luka/ws_moveit2/src/uorover_ik/src/ik_hardware_interface.cpp:39:81:[m[K [01;31m[Kerror: [m[Kâ€˜[01m[Ktimer_callback[m[Kâ€™ is not a member of â€˜[01m[KIKHardwareInterface[m[Kâ€™
[5.470s]    39 |         timer_ = this->create_wall_timer(500ms, std::bind(&IKHardwareInterface::[01;31m[Ktimer_callback[m[K, this));
[5.471s]       |                                                                                 [01;31m[K^~~~~~~~~~~~~~[m[K
[8.055s] gmake[2]: *** [CMakeFiles/ik_hardware_interface.dir/build.make:76: CMakeFiles/ik_hardware_interface.dir/src/ik_hardware_interface.cpp.o] Error 1
[8.055s] gmake[1]: *** [CMakeFiles/Makefile2:165: CMakeFiles/ik_hardware_interface.dir/all] Error 2
[8.055s] gmake[1]: *** Waiting for unfinished jobs....
[10.459s] [ 75%] [32m[1mLinking CXX executable uorover_ik[0m
[10.793s] [ 75%] Built target uorover_ik
[10.794s] gmake: *** [Makefile:146: all] Error 2
[10.796s] Invoked command in '/home/luka/ws_moveit2/build/uorover_ik' returned '2': CMAKE_PREFIX_PATH=/opt/ros/humble /usr/bin/cmake --build /home/luka/ws_moveit2/build/uorover_ik -- -j12 -l12
