[0.435s] Invoking command in '/home/luka/ws_moveit2/build/uorover_ik': CMAKE_PREFIX_PATH=${CMAKE_PREFIX_PATH}:/home/luka/rover_workspace/install/robotic_arm_controls:/home/luka/rover_workspace/install/ld_controls:/home/luka/rover_workspace/install/gps_node:/home/luka/rover_workspace/install/camera_nodes:/home/luka/rover_workspace/install/drive_urdf:/home/luka/rover_workspace/install/drive_controls:/home/luka/rover_workspace/install/autonomous_navigation:/opt/ros/humble /usr/bin/cmake --build /home/luka/ws_moveit2/build/uorover_ik -- -j12 -l12
[0.486s] [35m[1mConsolidate compiler generated dependencies of target ik_hardware_interface[0m
[0.506s] [ 75%] [32mBuilding CXX object CMakeFiles/ik_hardware_interface.dir/src/ik_hardware_interface.cpp.o[0m
[0.506s] [ 75%] Built target uorover_ik
[8.735s] [100%] [32m[1mLinking CXX executable ik_hardware_interface[0m
[9.482s] /usr/bin/ld: CMakeFiles/ik_hardware_interface.dir/src/ik_hardware_interface.cpp.o: in function `std::enable_if<rosidl_generator_traits::is_message<general_interfaces::msg::ArmPose_<std::allocator<void> > >::value, rosidl_message_type_support_t const&>::type rclcpp::get_message_type_support_handle<general_interfaces::msg::ArmPose_<std::allocator<void> > >()':
[9.482s] ik_hardware_interface.cpp:(.text._ZN6rclcpp31get_message_type_support_handleIN18general_interfaces3msg8ArmPose_ISaIvEEEEENSt9enable_ifIXsrN23rosidl_generator_traits10is_messageIT_EE5valueERK29rosidl_message_type_support_tE4typeEv[_ZN6rclcpp31get_message_type_support_handleIN18general_interfaces3msg8ArmPose_ISaIvEEEEENSt9enable_ifIXsrN23rosidl_generator_traits10is_messageIT_EE5valueERK29rosidl_message_type_support_tE4typeEv]+0x10): undefined reference to `rosidl_message_type_support_t const* rosidl_typesupport_cpp::get_message_type_support_handle<general_interfaces::msg::ArmPose_<std::allocator<void> > >()'
[9.530s] collect2: error: ld returned 1 exit status
[9.532s] gmake[2]: *** [CMakeFiles/ik_hardware_interface.dir/build.make:371: ik_hardware_interface] Error 1
[9.532s] gmake[1]: *** [CMakeFiles/Makefile2:165: CMakeFiles/ik_hardware_interface.dir/all] Error 2
[9.532s] gmake: *** [Makefile:146: all] Error 2
[9.534s] Invoked command in '/home/luka/ws_moveit2/build/uorover_ik' returned '2': CMAKE_PREFIX_PATH=${CMAKE_PREFIX_PATH}:/home/luka/rover_workspace/install/robotic_arm_controls:/home/luka/rover_workspace/install/ld_controls:/home/luka/rover_workspace/install/gps_node:/home/luka/rover_workspace/install/camera_nodes:/home/luka/rover_workspace/install/drive_urdf:/home/luka/rover_workspace/install/drive_controls:/home/luka/rover_workspace/install/autonomous_navigation:/opt/ros/humble /usr/bin/cmake --build /home/luka/ws_moveit2/build/uorover_ik -- -j12 -l12
