In file included from [01m[K/opt/ros/humble/include/class_loader/class_loader/class_loader.hpp:56[m[K,
                 from [01m[K/opt/ros/humble/include/pluginlib/pluginlib/class_list_macros.hpp:40[m[K,
                 from [01m[K/home/luka/ws_moveit2/src/uorover_ik/hardware/rmm_hardware.cpp:75[m[K:
[01m[K/home/luka/ws_moveit2/src/uorover_ik/hardware/rmm_hardware.cpp:78:9:[m[K [01;31m[Kerror: [m[Kâ€˜[01m[Krmm_hardware[m[Kâ€™ does not name a type
   78 |         [01;31m[Krmm_hardware[m[K::ArmSystem, hardware_interface::SystemInterface)
      |         [01;31m[K^~~~~~~~~~~~[m[K
[01m[K/home/luka/ws_moveit2/src/uorover_ik/hardware/rmm_hardware.cpp:[m[K In constructor â€˜[01m[K{anonymous}::ProxyExec0::ProxyExec0()[m[Kâ€™:
[01m[K/home/luka/ws_moveit2/src/uorover_ik/hardware/rmm_hardware.cpp:77:1:[m[K [01;31m[Kerror: [m[Kâ€˜[01m[K_derived[m[Kâ€™ was not declared in this scope
   77 | [01;31m[KPLUGINLIB_EXPORT_CLASS[m[K(
      | [01;31m[K^~~~~~~~~~~~~~~~~~~~~~[m[K
[01m[K/home/luka/ws_moveit2/src/uorover_ik/hardware/rmm_hardware.cpp:77:1:[m[K [01;31m[Kerror: [m[Kno matching function for call to â€˜[01m[KregisterPlugin<<expression error>, {anonymous}::ProxyExec0::_base>(const char [24], const char [36])[m[Kâ€™
   77 | [01;31m[KPLUGINLIB_EXPORT_CLASS[m[K(
      | [01;31m[K^~~~~~~~~~~~~~~~~~~~~~[m[K
In file included from [01m[K/opt/ros/humble/include/class_loader/class_loader/class_loader.hpp:55[m[K,
                 from [01m[K/opt/ros/humble/include/pluginlib/pluginlib/class_list_macros.hpp:40[m[K,
                 from [01m[K/home/luka/ws_moveit2/src/uorover_ik/hardware/rmm_hardware.cpp:75[m[K:
[01m[K/opt/ros/humble/include/class_loader/class_loader/class_loader_core.hpp:210:6:[m[K [01;36m[Knote: [m[Kcandidate: â€˜[01m[Ktemplate<class Derived, class Base> void class_loader::impl::registerPlugin(const string&, const string&)[m[Kâ€™
  210 | void [01;36m[KregisterPlugin[m[K(const std::string & class_name, const std::string & base_class_name)
      |      [01;36m[K^~~~~~~~~~~~~~[m[K
[01m[K/opt/ros/humble/include/class_loader/class_loader/class_loader_core.hpp:210:6:[m[K [01;36m[Knote: [m[K  template argument deduction/substitution failed:
In file included from [01m[K/opt/ros/humble/include/class_loader/class_loader/class_loader.hpp:56[m[K,
                 from [01m[K/opt/ros/humble/include/pluginlib/pluginlib/class_list_macros.hpp:40[m[K,
                 from [01m[K/home/luka/ws_moveit2/src/uorover_ik/hardware/rmm_hardware.cpp:75[m[K:
[01m[K/home/luka/ws_moveit2/src/uorover_ik/hardware/rmm_hardware.cpp:77:1:[m[K [01;31m[Kerror: [m[Ktemplate argument 1 is invalid
   77 | [01;31m[KPLUGINLIB_EXPORT_CLASS[m[K(
      | [01;31m[K^~~~~~~~~~~~~~~~~~~~~~[m[K
gmake[2]: *** [CMakeFiles/rmm_hardware.dir/build.make:76: CMakeFiles/rmm_hardware.dir/hardware/rmm_hardware.cpp.o] Error 1
gmake[1]: *** [CMakeFiles/Makefile2:193: CMakeFiles/rmm_hardware.dir/all] Error 2
gmake: *** [Makefile:146: all] Error 2
