[0.512s] Invoking command in '/home/luka/ws_moveit2/build/uorover_ik': CMAKE_PREFIX_PATH=${CMAKE_PREFIX_PATH}:/home/luka/rover_workspace/install/robotic_arm_controls:/home/luka/rover_workspace/install/ld_controls:/home/luka/rover_workspace/install/gps_node:/home/luka/rover_workspace/install/camera_nodes:/home/luka/rover_workspace/install/drive_urdf:/home/luka/rover_workspace/install/drive_controls:/home/luka/rover_workspace/install/autonomous_navigation:/home/luka/ws_moveit2/install/uorover_arm:/opt/ros/humble /usr/bin/cmake --build /home/luka/ws_moveit2/build/uorover_ik -- -j12 -l12
[0.558s] [35m[1mConsolidate compiler generated dependencies of target rmm_hardware[0m
[0.572s] [ 33%] Built target ik_hardware_interface
[0.574s] [ 50%] [32mBuilding CXX object CMakeFiles/rmm_hardware.dir/hardware/rmm_hardware.cpp.o[0m
[0.577s] [ 83%] Built target uorover_ik
[1.230s] In file included from [01m[K/opt/ros/humble/include/class_loader/class_loader/class_loader.hpp:56[m[K,
[1.230s]                  from [01m[K/opt/ros/humble/include/pluginlib/pluginlib/class_list_macros.hpp:40[m[K,
[1.230s]                  from [01m[K/home/luka/ws_moveit2/src/uorover_ik/hardware/rmm_hardware.cpp:75[m[K:
[1.230s] [01m[K/home/luka/ws_moveit2/src/uorover_ik/hardware/rmm_hardware.cpp:78:9:[m[K [01;31m[Kerror: [m[Kâ€˜[01m[Krmm_hardware[m[Kâ€™ does not name a type
[1.230s]    78 |         [01;31m[Krmm_hardware[m[K::ArmSystem, hardware_interface::SystemInterface)
[1.230s]       |         [01;31m[K^~~~~~~~~~~~[m[K
[1.234s] [01m[K/home/luka/ws_moveit2/src/uorover_ik/hardware/rmm_hardware.cpp:[m[K In constructor â€˜[01m[K{anonymous}::ProxyExec0::ProxyExec0()[m[Kâ€™:
[1.234s] [01m[K/home/luka/ws_moveit2/src/uorover_ik/hardware/rmm_hardware.cpp:77:1:[m[K [01;31m[Kerror: [m[Kâ€˜[01m[K_derived[m[Kâ€™ was not declared in this scope
[1.234s]    77 | [01;31m[KPLUGINLIB_EXPORT_CLASS[m[K(
[1.234s]       | [01;31m[K^~~~~~~~~~~~~~~~~~~~~~[m[K
[1.234s] [01m[K/home/luka/ws_moveit2/src/uorover_ik/hardware/rmm_hardware.cpp:77:1:[m[K [01;31m[Kerror: [m[Kno matching function for call to â€˜[01m[KregisterPlugin<<expression error>, {anonymous}::ProxyExec0::_base>(const char [24], const char [36])[m[Kâ€™
[1.234s]    77 | [01;31m[KPLUGINLIB_EXPORT_CLASS[m[K(
[1.234s]       | [01;31m[K^~~~~~~~~~~~~~~~~~~~~~[m[K
[1.235s] In file included from [01m[K/opt/ros/humble/include/class_loader/class_loader/class_loader.hpp:55[m[K,
[1.235s]                  from [01m[K/opt/ros/humble/include/pluginlib/pluginlib/class_list_macros.hpp:40[m[K,
[1.235s]                  from [01m[K/home/luka/ws_moveit2/src/uorover_ik/hardware/rmm_hardware.cpp:75[m[K:
[1.235s] [01m[K/opt/ros/humble/include/class_loader/class_loader/class_loader_core.hpp:210:6:[m[K [01;36m[Knote: [m[Kcandidate: â€˜[01m[Ktemplate<class Derived, class Base> void class_loader::impl::registerPlugin(const string&, const string&)[m[Kâ€™
[1.235s]   210 | void [01;36m[KregisterPlugin[m[K(const std::string & class_name, const std::string & base_class_name)
[1.235s]       |      [01;36m[K^~~~~~~~~~~~~~[m[K
[1.235s] [01m[K/opt/ros/humble/include/class_loader/class_loader/class_loader_core.hpp:210:6:[m[K [01;36m[Knote: [m[K  template argument deduction/substitution failed:
[1.235s] In file included from [01m[K/opt/ros/humble/include/class_loader/class_loader/class_loader.hpp:56[m[K,
[1.235s]                  from [01m[K/opt/ros/humble/include/pluginlib/pluginlib/class_list_macros.hpp:40[m[K,
[1.235s]                  from [01m[K/home/luka/ws_moveit2/src/uorover_ik/hardware/rmm_hardware.cpp:75[m[K:
[1.235s] [01m[K/home/luka/ws_moveit2/src/uorover_ik/hardware/rmm_hardware.cpp:77:1:[m[K [01;31m[Kerror: [m[Ktemplate argument 1 is invalid
[1.236s]    77 | [01;31m[KPLUGINLIB_EXPORT_CLASS[m[K(
[1.236s]       | [01;31m[K^~~~~~~~~~~~~~~~~~~~~~[m[K
[1.429s] gmake[2]: *** [CMakeFiles/rmm_hardware.dir/build.make:76: CMakeFiles/rmm_hardware.dir/hardware/rmm_hardware.cpp.o] Error 1
[1.429s] gmake[1]: *** [CMakeFiles/Makefile2:193: CMakeFiles/rmm_hardware.dir/all] Error 2
[1.430s] gmake: *** [Makefile:146: all] Error 2
[1.477s] Invoked command in '/home/luka/ws_moveit2/build/uorover_ik' returned '2': CMAKE_PREFIX_PATH=${CMAKE_PREFIX_PATH}:/home/luka/rover_workspace/install/robotic_arm_controls:/home/luka/rover_workspace/install/ld_controls:/home/luka/rover_workspace/install/gps_node:/home/luka/rover_workspace/install/camera_nodes:/home/luka/rover_workspace/install/drive_urdf:/home/luka/rover_workspace/install/drive_controls:/home/luka/rover_workspace/install/autonomous_navigation:/home/luka/ws_moveit2/install/uorover_arm:/opt/ros/humble /usr/bin/cmake --build /home/luka/ws_moveit2/build/uorover_ik -- -j12 -l12
