[0.199s] Invoking command in '/home/luka/ws_moveit2/build/uorover_ik': CMAKE_PREFIX_PATH=${CMAKE_PREFIX_PATH}:/home/luka/rover_workspace/install/robotic_arm_controls:/home/luka/rover_workspace/install/ld_controls:/home/luka/rover_workspace/install/gps_node:/home/luka/rover_workspace/install/camera_nodes:/home/luka/rover_workspace/install/drive_urdf:/home/luka/rover_workspace/install/drive_controls:/home/luka/rover_workspace/install/autonomous_navigation:/opt/ros/humble /usr/bin/cmake --build /home/luka/ws_moveit2/build/uorover_ik -- -j12 -l12
[0.348s] [35m[1mConsolidate compiler generated dependencies of target ik_hardware_interface[0m
[0.416s] [ 50%] Built target uorover_ik
[0.422s] [ 75%] [32mBuilding CXX object CMakeFiles/ik_hardware_interface.dir/src/ik_hardware_interface.cpp.o[0m
[17.205s] [100%] [32m[1mLinking CXX executable ik_hardware_interface[0m
[18.947s] /usr/bin/ld: CMakeFiles/ik_hardware_interface.dir/src/ik_hardware_interface.cpp.o: in function `std::enable_if<rosidl_generator_traits::is_message<general_interfaces::msg::ArmPose_<std::allocator<void> > >::value, rosidl_message_type_support_t const&>::type rclcpp::get_message_type_support_handle<general_interfaces::msg::ArmPose_<std::allocator<void> > >()':
[18.948s] ik_hardware_interface.cpp:(.text._ZN6rclcpp31get_message_type_support_handleIN18general_interfaces3msg8ArmPose_ISaIvEEEEENSt9enable_ifIXsrN23rosidl_generator_traits10is_messageIT_EE5valueERK29rosidl_message_type_support_tE4typeEv[_ZN6rclcpp31get_message_type_support_handleIN18general_interfaces3msg8ArmPose_ISaIvEEEEENSt9enable_ifIXsrN23rosidl_generator_traits10is_messageIT_EE5valueERK29rosidl_message_type_support_tE4typeEv]+0x10): undefined reference to `rosidl_message_type_support_t const* rosidl_typesupport_cpp::get_message_type_support_handle<general_interfaces::msg::ArmPose_<std::allocator<void> > >()'
[19.049s] collect2: error: ld returned 1 exit status
[19.052s] gmake[2]: *** [CMakeFiles/ik_hardware_interface.dir/build.make:371: ik_hardware_interface] Error 1
[19.052s] gmake[1]: *** [CMakeFiles/Makefile2:165: CMakeFiles/ik_hardware_interface.dir/all] Error 2
[19.053s] gmake: *** [Makefile:146: all] Error 2
[19.057s] Invoked command in '/home/luka/ws_moveit2/build/uorover_ik' returned '2': CMAKE_PREFIX_PATH=${CMAKE_PREFIX_PATH}:/home/luka/rover_workspace/install/robotic_arm_controls:/home/luka/rover_workspace/install/ld_controls:/home/luka/rover_workspace/install/gps_node:/home/luka/rover_workspace/install/camera_nodes:/home/luka/rover_workspace/install/drive_urdf:/home/luka/rover_workspace/install/drive_controls:/home/luka/rover_workspace/install/autonomous_navigation:/opt/ros/humble /usr/bin/cmake --build /home/luka/ws_moveit2/build/uorover_ik -- -j12 -l12
