[0.492s] Invoking command in '/home/luka/ws_moveit2/build/uorover_ik': CMAKE_PREFIX_PATH=${CMAKE_PREFIX_PATH}:/home/luka/rover_workspace/install/robotic_arm_controls:/home/luka/rover_workspace/install/ld_controls:/home/luka/rover_workspace/install/gps_node:/home/luka/rover_workspace/install/camera_nodes:/home/luka/rover_workspace/install/drive_urdf:/home/luka/rover_workspace/install/drive_controls:/home/luka/rover_workspace/install/autonomous_navigation:/home/luka/ws_moveit2/install/uorover_arm:/opt/ros/humble /usr/bin/cmake --build /home/luka/ws_moveit2/build/uorover_ik -- -j12 -l12
[0.516s] -- Found ament_cmake: 1.3.8 (/opt/ros/humble/share/ament_cmake/cmake)
[0.659s] -- Found moveit_ros_planning_interface: 2.5.5 (/opt/ros/humble/share/moveit_ros_planning_interface/cmake)
[0.669s] -- Found Boost: /usr/lib/x86_64-linux-gnu/cmake/Boost-1.74.0/BoostConfig.cmake (found version "1.74.0") found components: date_time filesystem program_options system thread 
[0.695s] -- Found rosidl_generator_c: 3.1.5 (/opt/ros/humble/share/rosidl_generator_c/cmake)
[0.698s] -- Found rosidl_adapter: 3.1.5 (/opt/ros/humble/share/rosidl_adapter/cmake)
[0.703s] -- Found rosidl_generator_cpp: 3.1.5 (/opt/ros/humble/share/rosidl_generator_cpp/cmake)
[0.717s] -- Using all available rosidl_typesupport_c: rosidl_typesupport_fastrtps_c;rosidl_typesupport_introspection_c
[0.734s] -- Using all available rosidl_typesupport_cpp: rosidl_typesupport_fastrtps_cpp;rosidl_typesupport_introspection_cpp
[1.608s] -- Found Boost: /usr/lib/x86_64-linux-gnu/cmake/Boost-1.74.0/BoostConfig.cmake (found version "1.74.0") found components: chrono date_time filesystem iostreams program_options regex serialization system thread 
[1.614s] -- Found parameter_traits: 0.3.7 (/opt/ros/humble/share/parameter_traits/cmake)
[1.661s] -- Found rmw_implementation_cmake: 6.1.1 (/opt/ros/humble/share/rmw_implementation_cmake/cmake)
[1.662s] -- Found rmw_cyclonedds_cpp: 1.3.4 (/opt/ros/humble/share/rmw_cyclonedds_cpp/cmake)
[1.691s] -- Using RMW implementation 'rmw_cyclonedds_cpp' as default
[1.827s] -- Found rclcpp_lifecycle: 16.0.8 (/opt/ros/humble/share/rclcpp_lifecycle/cmake)
[1.864s] -- Found Boost: /usr/lib/x86_64-linux-gnu/cmake/Boost-1.74.0/BoostConfig.cmake (found version "1.74.0") found components: filesystem 
[1.900s] -- library: /usr/lib/x86_64-linux-gnu/libcurl.so
[2.039s] -- Ensuring Eigen3 include directory is part of orocos-kdl CMake target
[2.505s] -- Found Boost: /usr/lib/x86_64-linux-gnu/cmake/Boost-1.74.0/BoostConfig.cmake (found version "1.74.0") found components: system filesystem date_time program_options thread chrono 
[3.030s] -- Found Boost: /usr/lib/x86_64-linux-gnu/cmake/Boost-1.74.0/BoostConfig.cmake (found version "1.74.0") found components: thread system filesystem regex date_time program_options 
[3.310s] -- Found Boost: /usr/lib/x86_64-linux-gnu/cmake/Boost-1.74.0/BoostConfig.cmake (found version "1.74.0") found components: system filesystem date_time program_options thread 
[3.796s] -- Found control_msgs: 4.4.0 (/opt/ros/humble/share/control_msgs/cmake)
[4.007s] -- Found general_interfaces: 0.1.0 (/home/luka/rover_workspace/install/general_interfaces/share/general_interfaces/cmake)
[4.059s] -- Found hardware_interface: 2.39.1 (/opt/ros/humble/share/hardware_interface/cmake)
[4.245s] -- Found ament_lint_auto: 0.12.10 (/opt/ros/humble/share/ament_lint_auto/cmake)
[4.305s] -- Added test 'cppcheck' to perform static code analysis on C / C++ code
[4.305s] -- Configured cppcheck include dirs: $<BUILD_INTERFACE:/home/luka/ws_moveit2/src/uorover_ik/include>
[4.305s] -- Configured cppcheck exclude dirs and/or files: 
[4.306s] -- Added test 'flake8' to check Python code syntax and style conventions
[4.306s] -- Added test 'lint_cmake' to check CMake code style
[4.306s] -- Added test 'pep257' to check Python code against some of the docstring style conventions in PEP 257
[4.307s] -- Added test 'uncrustify' to check C / C++ code style
[4.307s] -- Configured uncrustify additional arguments: 
[4.308s] -- Added test 'xmllint' to check XML markup files
[4.308s] -- Configuring done
[4.358s] -- Generating done
[4.360s] -- Build files have been written to: /home/luka/ws_moveit2/build/uorover_ik
[4.390s] [35m[1mConsolidate compiler generated dependencies of target rmm_hardware[0m
[4.390s] [35m[1mConsolidate compiler generated dependencies of target ik_hardware_interface[0m
[4.390s] [35m[1mConsolidate compiler generated dependencies of target uorover_ik[0m
[4.404s] [ 16%] [32mBuilding CXX object CMakeFiles/rmm_hardware.dir/hardware/rmm_hardware.cpp.o[0m
[4.409s] [ 50%] Built target ik_hardware_interface
[4.416s] [ 83%] Built target uorover_ik
[4.930s] In file included from [01m[K/home/luka/ws_moveit2/src/uorover_ik/hardware/rmm_hardware.cpp:1[m[K:
[4.930s] [01m[K/home/luka/ws_moveit2/src/uorover_ik/hardware/include/uorover_ik/rmm_hardware.hpp:8:93:[m[K [01;31m[Kerror: [m[Kexpected â€˜[01m[K;[m[Kâ€™ after class definition
[4.930s]     8 |     class HARDWARE_INTERFACE_PUBLIC ArmSystem : public hardware_interface::SystemInterface{}
[4.930s]       |                                                                                             [01;31m[K^[m[K
[4.930s]       |                                                                                             [32m[K;[m[K
[5.024s] gmake[2]: *** [CMakeFiles/rmm_hardware.dir/build.make:76: CMakeFiles/rmm_hardware.dir/hardware/rmm_hardware.cpp.o] Error 1
[5.024s] gmake[1]: *** [CMakeFiles/Makefile2:193: CMakeFiles/rmm_hardware.dir/all] Error 2
[5.024s] gmake: *** [Makefile:146: all] Error 2
[5.026s] Invoked command in '/home/luka/ws_moveit2/build/uorover_ik' returned '2': CMAKE_PREFIX_PATH=${CMAKE_PREFIX_PATH}:/home/luka/rover_workspace/install/robotic_arm_controls:/home/luka/rover_workspace/install/ld_controls:/home/luka/rover_workspace/install/gps_node:/home/luka/rover_workspace/install/camera_nodes:/home/luka/rover_workspace/install/drive_urdf:/home/luka/rover_workspace/install/drive_controls:/home/luka/rover_workspace/install/autonomous_navigation:/home/luka/ws_moveit2/install/uorover_arm:/opt/ros/humble /usr/bin/cmake --build /home/luka/ws_moveit2/build/uorover_ik -- -j12 -l12
