[01m[K/home/luka/ws_moveit2/src/uorover_ik/hardware/rmm_hardware.cpp:30:2:[m[K [01;31m[Kerror: [m[Kexpected â€˜[01m[K}[m[Kâ€™ at end of input
   30 | }
      |  [01;31m[K^[m[K
[01m[K/home/luka/ws_moveit2/src/uorover_ik/hardware/rmm_hardware.cpp:6:1:[m[K [01;36m[Knote: [m[Kto match this â€˜[01m[K{[m[Kâ€™
    6 | [01;36m[K{[m[K
      | [01;36m[K^[m[K
gmake[2]: *** [CMakeFiles/rmm_hardware.dir/build.make:76: CMakeFiles/rmm_hardware.dir/hardware/rmm_hardware.cpp.o] Error 1
gmake[1]: *** [CMakeFiles/Makefile2:193: CMakeFiles/rmm_hardware.dir/all] Error 2
gmake: *** [Makefile:146: all] Error 2
